<?xml version="1.0" encoding="UTF-8"?>
<!-- Generated by org.testng.reporters.JUnitReportReporter -->
<testsuite hostname="VIRM00076-MacBookPro.local" failures="0" tests="1" name="Tests.SmokeTest" time="2.550" errors="0" timestamp="2023-03-18T00:56:28 EET" skipped="0">
  <testcase classname="Tests.SmokeTest" name="Check" time="2.550"/>
  <system-out/>
</testsuite> <!-- Tests.SmokeTest -->
